Using pre-set license
Built from '2020.2/staging' branch; Version is '2020.2.6f1 (8a2143876886) revision 9052483'; Using compiler version '192528614'; Build Type 'Release'
OS: 'Windows 10 Pro; OS build 19045.3324; Version 2009; 64bit' Language: 'en' Physical Memory: 32686 MB
BatchMode: 1, IsHumanControllingUs: 0, StartBugReporterOnCrash: 0, Is64bit: 1, IsPro: 0

 COMMAND LINE ARGUMENTS:
C:\Program Files\Unity\Hub\Editor\2020.2.6f1\Editor\Unity.exe
-adb2
-batchMode
-noUpm
-name
AssetImportWorker0
-projectPath
C:/Users/shaki/Desktop/Classes/Game Programming/GameProgramming-FinalProject/FinalProject
-logFile
Logs/AssetImportWorker0.log
-srvPort
56811
Successfully changed project path to: C:/Users/shaki/Desktop/Classes/Game Programming/GameProgramming-FinalProject/FinalProject
C:/Users/shaki/Desktop/Classes/Game Programming/GameProgramming-FinalProject/FinalProject
Using Asset Import Pipeline V2.
Refreshing native plugins compatible for Editor in 18.56 ms, found 0 plugins.
Preloading 0 native plugins for Editor in 0.00 ms.
Initialize engine version: 2020.2.6f1 (8a2143876886)
[Subsystems] Discovering subsystems at path C:/Program Files/Unity/Hub/Editor/2020.2.6f1/Editor/Data/Resources/UnitySubsystems
[Subsystems] Discovering subsystems at path C:/Users/shaki/Desktop/Classes/Game Programming/GameProgramming-FinalProject/FinalProject/Assets
GfxDevice: creating device client; threaded=0
Direct3D:
    Version:  Direct3D 11.0 [level 11.1]
    Renderer: NVIDIA GeForce RTX 2080 Ti (ID=0x1e07)
    Vendor:   
    VRAM:     11041 MB
    Driver:   31.0.15.3713
Initialize mono
Mono path[0] = 'C:/Program Files/Unity/Hub/Editor/2020.2.6f1/Editor/Data/Managed'
Mono path[1] = 'C:/Program Files/Unity/Hub/Editor/2020.2.6f1/Editor/Data/MonoBleedingEdge/lib/mono/unityjit'
Mono config path = 'C:/Program Files/Unity/Hub/Editor/2020.2.6f1/Editor/Data/MonoBleedingEdge/etc'
Using monoOptions --debugger-agent=transport=dt_socket,embedding=1,server=y,suspend=n,address=127.0.0.1:56444
Begin MonoManager ReloadAssembly
Registering precompiled unity dll's ...
Register platform support module: C:/Program Files/Unity/Hub/Editor/2020.2.6f1/Editor/Data/PlaybackEngines/WindowsStandaloneSupport/UnityEditor.WindowsStandalone.Extensions.dll
Registered in 0.001904 seconds.
Native extension for WindowsStandalone target not found
Refreshing native plugins compatible for Editor in 17.81 ms, found 0 plugins.
Preloading 0 native plugins for Editor in 0.00 ms.
Invoked RoslynAnalysisRunner static constructor.
RoslynAnalysisRunner will not be running.
RoslynAnalysisRunner has terminated.
Mono: successfully reloaded assembly
- Completed reload, in  0.899 seconds
Platform modules already initialized, skipping
Registering precompiled user dll's ...
Registered in 0.000641 seconds.
Begin MonoManager ReloadAssembly
Native extension for WindowsStandalone target not found
Refreshing native plugins compatible for Editor in 0.16 ms, found 0 plugins.
Preloading 0 native plugins for Editor in 0.00 ms.
Invoked RoslynAnalysisRunner static constructor.
RoslynAnalysisRunner will not be running.
RoslynAnalysisRunner has terminated.
Mono: successfully reloaded assembly
- Completed reload, in  0.663 seconds
Platform modules already initialized, skipping
========================================================================
Worker process is ready to serve import requests
Launched and connected shader compiler UnityShaderCompiler.exe after 0.04 seconds
Refreshing native plugins compatible for Editor in 0.17 ms, found 0 plugins.
Preloading 0 native plugins for Editor in 0.00 ms.
Unloading 1108 Unused Serialized files (Serialized files now loaded: 0)
System memory in use before: 57.3 MB.
System memory in use after: 57.3 MB.

Unloading 9 unused Assets to reduce memory usage. Loaded Objects now: 1551.
Total: 1.441600 ms (FindLiveObjects: 0.114200 ms CreateObjectMapping: 0.036300 ms MarkObjects: 1.235100 ms  DeleteObjects: 0.055200 ms)

========================================================================
Received Import Request.
  path: Assets/SpellCard.cs
  artifactKey: Guid(e4cfeec91a2835747a905debd9faf9ec) Importer(815301076,1909f56bfc062723c751e8b465ee728b)
Start importing Assets/SpellCard.cs using Guid(e4cfeec91a2835747a905debd9faf9ec) Importer(815301076,1909f56bfc062723c751e8b465ee728b)  -> (artifact id: '5a4c4adf33f0051f75005d4503871857') in 0.033946 seconds
  Import took 0.035323 seconds .

========================================================================
Received Import Request.
  Time since last request: 6.886786 seconds.
  path: Assets/MonsterCard.cs
  artifactKey: Guid(3c0eedd848e6ddd469ca4dc42cb6df08) Importer(815301076,1909f56bfc062723c751e8b465ee728b)
Start importing Assets/MonsterCard.cs using Guid(3c0eedd848e6ddd469ca4dc42cb6df08) Importer(815301076,1909f56bfc062723c751e8b465ee728b)  -> (artifact id: '851c69d0809d4eb7e3b86eb865c71e47') in 0.001760 seconds
  Import took 0.003337 seconds .

========================================================================
Received Import Request.
  Time since last request: 6.730838 seconds.
  path: Assets/GameMaster.cs
  artifactKey: Guid(59c7c6c2707805445871d2868c485692) Importer(815301076,1909f56bfc062723c751e8b465ee728b)
Start importing Assets/GameMaster.cs using Guid(59c7c6c2707805445871d2868c485692) Importer(815301076,1909f56bfc062723c751e8b465ee728b)  -> (artifact id: '6751e0745317fc4038789bb56e71f889') in 0.001995 seconds
  Import took 0.003381 seconds .

========================================================================
Received Import Request.
  Time since last request: 0.001490 seconds.
  path: Assets/GameMaster.cs
  artifactKey: Guid(59c7c6c2707805445871d2868c485692) Importer(815301076,1909f56bfc062723c751e8b465ee728b)
Start importing Assets/GameMaster.cs using Guid(59c7c6c2707805445871d2868c485692) Importer(815301076,1909f56bfc062723c751e8b465ee728b)  -> (artifact id: '6751e0745317fc4038789bb56e71f889') in 0.001439 seconds
  Import took 0.002673 seconds .

========================================================================
Received Import Request.
  Time since last request: 2.648650 seconds.
  path: Assets/DropZone.cs
  artifactKey: Guid(e54243715a7f7ad42856018bd863ad21) Importer(815301076,1909f56bfc062723c751e8b465ee728b)
Start importing Assets/DropZone.cs using Guid(e54243715a7f7ad42856018bd863ad21) Importer(815301076,1909f56bfc062723c751e8b465ee728b)  -> (artifact id: 'b3ea7c26cdfb8b385dc65df0df7acc67') in 0.001689 seconds
  Import took 0.003035 seconds .

========================================================================
Received Import Request.
  Time since last request: 0.779169 seconds.
  path: Assets/Draggable.cs
  artifactKey: Guid(413c147c6ec8c7246a15015aae31010d) Importer(815301076,1909f56bfc062723c751e8b465ee728b)
Start importing Assets/Draggable.cs using Guid(413c147c6ec8c7246a15015aae31010d) Importer(815301076,1909f56bfc062723c751e8b465ee728b)  -> (artifact id: 'a5e3dcdefb45617471be722f204dd22c') in 0.001783 seconds
  Import took 0.003120 seconds .

========================================================================
Received Import Request.
  Time since last request: 0.000519 seconds.
  path: Assets/Draggable.cs
  artifactKey: Guid(413c147c6ec8c7246a15015aae31010d) Importer(815301076,1909f56bfc062723c751e8b465ee728b)
Start importing Assets/Draggable.cs using Guid(413c147c6ec8c7246a15015aae31010d) Importer(815301076,1909f56bfc062723c751e8b465ee728b)  -> (artifact id: 'a5e3dcdefb45617471be722f204dd22c') in 0.001515 seconds
  Import took 0.002750 seconds .

========================================================================
Received Prepare
Refreshing native plugins compatible for Editor in 0.66 ms, found 0 plugins.
Preloading 0 native plugins for Editor in 0.00 ms.
Unloading 2 Unused Serialized files (Serialized files now loaded: 0)
System memory in use before: 34.8 MB.
System memory in use after: 34.9 MB.

Unloading 2 unused Assets to reduce memory usage. Loaded Objects now: 1551.
Total: 2.451100 ms (FindLiveObjects: 0.192200 ms CreateObjectMapping: 0.049100 ms MarkObjects: 2.194500 ms  DeleteObjects: 0.013400 ms)

========================================================================
Received Prepare
Refreshing native plugins compatible for Editor in 0.64 ms, found 0 plugins.
Preloading 0 native plugins for Editor in 0.00 ms.
Unloading 2 Unused Serialized files (Serialized files now loaded: 0)
System memory in use before: 34.9 MB.
System memory in use after: 35.0 MB.

Unloading 2 unused Assets to reduce memory usage. Loaded Objects now: 1551.
Total: 1.536000 ms (FindLiveObjects: 0.154700 ms CreateObjectMapping: 0.023500 ms MarkObjects: 1.346200 ms  DeleteObjects: 0.011000 ms)

AssetImportWorkerClient::OnTransportError - code=2 error=End of file
